[Ramulator::LoadStoreTrace] [info] Loading trace file ../DRAM-PIM/trace_out_prefill_decode/llama3_8b_wikitext2_prefill128_ffn6.trace ...
[Ramulator::LoadStoreTrace] [info] Loaded 128974848 lines.
Frontend:
  impl: LoadStoreTrace

MemorySystem:
  impl: GenericDRAM
  total_num_other_requests: 0
  total_num_write_requests: 262144
  total_num_read_requests: 128712704
  memory_system_cycles: 1607604072
  DRAM:
    impl: DDR4
  AddrMapper:
    impl: RoBaRaCoCh


  Controller:
    impl: Generic
    id: Channel 0
    avg_read_latency_0: 104.836807
    read_queue_len_avg_0: 34.5048103
    write_queue_len_0: 9638369846
    queue_len_0: 65406899835
    num_other_reqs_0: 0
    num_write_reqs_0: 1622665
    read_latency_0: 56008582067
    priority_queue_len_avg_0: 0.185651645
    row_hits_0: 96606240
    priority_queue_len_0: 298454351
    row_misses_0: 32368530
    row_conflicts_0: 39
    read_row_misses_0: 32302591
    queue_len_avg_0: 40.6859474
    read_row_conflicts_core_0: 0
    read_row_hits_0: 96410057
    write_queue_len_avg_0: 5.99548769
    read_row_conflicts_0: 23
    write_row_misses_0: 65939
    write_row_conflicts_0: 16
    read_queue_len_0: 55470075638
    write_row_hits_0: 196183
    read_row_hits_core_0: 0
    read_row_misses_core_0: 0
    num_read_reqs_0: 534245360
    Scheduler:
      impl: FRFCFS
    RefreshManager:
      impl: AllBank


    RowPolicy:
      impl: ClosedRowPolicy
      num_close_reqs: 32118840



